#
# A fatal error has been detected by the Java Runtime Environment:
#
#  SIGSEGV (0xb) at pc=0x000000011828f027, pid=11333, tid=0x0000000000014903
#
# JRE version: Java(TM) SE Runtime Environment (8.0_171-b11) (build 1.8.0_171-b11)
# Java VM: Java HotSpot(TM) 64-Bit Server VM (25.171-b11 mixed mode bsd-amd64 compressed oops)
# Problematic frame:
# C  [libawt_lwawt.dylib+0x1c027]  OGLSD_SetScratchSurface+0x49
#
# Failed to write core dump. Core dumps have been disabled. To enable core dumping, try "ulimit -c unlimited" before starting Java again
#
# If you would like to submit a bug report, please visit:
#   http://bugreport.java.com/bugreport/crash.jsp
# The crash happened outside the Java Virtual Machine in native code.
# See problematic frame for where to report the bug.
#

---------------  T H R E A D  ---------------

Current thread (0x00007fe1d9101800):  JavaThread "Java2D Queue Flusher" daemon [_thread_in_native, id=84227, stack(0x00007000025d0000,0x00007000026d0000)]

siginfo: si_signo: 11 (SIGSEGV), si_code: 1 (SEGV_MAPERR), si_addr: 0x0000000000000002

Registers:
RAX=0x00000000ffffffff, RBX=0x0000000000000002, RCX=0x0000000000000047, RDX=0x00000001182b0b14
RSP=0x00007000026cf750, RBP=0x00007000026cf770, RSI=0x00007fe1d7e437f0, RDI=0x00007fe1d91019f8
R8 =0x00007fe1d7d3fa48, R9 =0xffffffff00000000, R10=0x000000011b101ff8, R11=0x0000000000000020
R12=0x0000000000000000, R13=0x000000011b46cf84, R14=0x00007fe1d91019f8, R15=0x00007fe1d9101800
RIP=0x000000011828f027, EFLAGS=0x0000000000010202, ERR=0x0000000000000004
  TRAPNO=0x000000000000000e

Top of Stack: (sp=0x00007000026cf750)
0x00007000026cf750:   00007fe1d7e437f0 0000000000000000
0x00007000026cf760:   00007fe1d910ca10 00007fe1d9101800
0x00007000026cf770:   00007000026cf7f0 00000001182b05f2
0x00007000026cf780:   00007fe1d9101800 00007fe1d7d3f1b8
0x00007000026cf790:   00007000026cf7c0 000000010e73b084
0x00007000026cf7a0:   0000000000000064 0000000000000000
0x00007000026cf7b0:   0000000000000064 00007fe1d910ca20
0x00007000026cf7c0:   00007000006cf820 00007fe1d91019f8
0x00007000026cf7d0:   00000007976b2768 0000000000000000
0x00007000026cf7e0:   00007000026cf878 00007fe1d9101800
0x00007000026cf7f0:   00007000026cf840 000000011b10206a
0x00007000026cf800:   00000007976b2768 0000000000000118
0x00007000026cf810:   00007000026cf878 00007fe1d9101800
0x00007000026cf820:   00007000026cf870 000000011b0a08e8
0x00007000026cf830:   0000000797610910 0000000000000007
0x00007000026cf840:   00000007976b2768 000000011b0b8190
0x00007000026cf850:   00000001775439d8 0000000000000000
0x00007000026cf860:   00007fe1d7d40580 0000000114467cf0
0x00007000026cf870:   00007000026cf9d0 000000011b46cf84
0x00007000026cf880:   00000000000000e7 0000000114467cf0
0x00007000026cf890:   0000000000000000 0000000000000000
0x00007000026cf8a0:   0000000000000000 0000000100000000
0x00007000026cf8b0:   00000000000000dc 0000000000000000
0x00007000026cf8c0:   00007000026cf968 00007fe1d9101800
0x00007000026cf8d0:   00007000026cf940 000000011ae71c9f
0x00007000026cf8e0:   0000000100000000 0000000797628000
0x00007000026cf8f0:   0000000797610910 0000000700000000
0x00007000026cf900:   00007000026cf8f0 000000011b46c210
0x00007000026cf910:   00007000026cf968 00000001144685f8
0x00007000026cf920:   0000000000000001 0000000797610910
0x00007000026cf930:   0000000000000000 00007000026cf968
0x00007000026cf940:   00007000026cf9d0 000000011ae507a7 

Instructions: (pc=0x000000011828f027)
0x000000011828f007:   c0 e9 82 00 00 00 48 8b 5e 10 48 85 db 75 0e bf
0x000000011828f017:   01 00 00 00 48 8d 15 a8 96 03 00 eb d6 49 89 fe
0x000000011828f027:   4c 8b 3b 30 c0 e8 ff bc 02 00 49 8b 3f 49 89 c4
0x000000011828f037:   48 8b 35 02 29 06 00 30 c0 e8 4d be 02 00 48 85 

Register to memory mapping:

RAX=0x00000000ffffffff is an unknown value
RBX=0x0000000000000002 is an unknown value
RCX=0x0000000000000047 is an unknown value
RDX=0x00000001182b0b14: Java_sun_java2d_opengl_OGLRenderQueue_flushBuffer+0xb5c in /Library/Java/JavaVirtualMachines/jdk1.8.0_171.jdk/Contents/Home/jre/lib/libawt_lwawt.dylib at 0x0000000118273000
RSP=0x00007000026cf750 is pointing into the stack for thread: 0x00007fe1d9101800
RBP=0x00007000026cf770 is pointing into the stack for thread: 0x00007fe1d9101800
RSI=0x00007fe1d7e437f0 is an unknown value
RDI=0x00007fe1d91019f8 is an unknown value
R8 =0x00007fe1d7d3fa48 is an unknown value
R9 =0xffffffff00000000 is an unknown value
R10=0x000000011b101ff8 is at entry_point+56 in (nmethod*)0x000000011b101e50
R11=0x0000000000000020 is an unknown value
R12=0x0000000000000000 is an unknown value
R13=0x000000011b46cf84 is at entry_point+2500 in (nmethod*)0x000000011b46c210
R14=0x00007fe1d91019f8 is an unknown value
R15=0x00007fe1d9101800 is a thread


Stack: [0x00007000025d0000,0x00007000026d0000],  sp=0x00007000026cf750,  free space=1021k
Native frames: (J=compiled Java code, j=interpreted, Vv=VM code, C=native code)
C  [libawt_lwawt.dylib+0x1c027]  OGLSD_SetScratchSurface+0x49
C  [libawt_lwawt.dylib+0x3d5f2]  Java_sun_java2d_opengl_OGLRenderQueue_flushBuffer+0x63a
J 793  sun.java2d.opengl.OGLRenderQueue.flushBuffer(JI)V (0 bytes) @ 0x000000011b10206a [0x000000011b101fc0+0xaa]
J 1626 C2 sun.java2d.opengl.OGLRenderQueue.flushBuffer()V (41 bytes) @ 0x000000011b0b8190 [0x000000011b0b8140+0x50]
J 1572% C1 sun.java2d.opengl.OGLRenderQueue$QueueFlusher.run()V (234 bytes) @ 0x000000011b46cf84 [0x000000011b46c5c0+0x9c4]
v  ~StubRoutines::call_stub
V  [libjvm.dylib+0x2ef1f6]
V  [libjvm.dylib+0x2ef99a]
V  [libjvm.dylib+0x2efb46]
V  [libjvm.dylib+0x34a46d]
V  [libjvm.dylib+0x56eb0f]
V  [libjvm.dylib+0x57020a]
V  [libjvm.dylib+0x48d4a6]
C  [libsystem_pthread.dylib+0x3661]  _pthread_body+0x154
C  [libsystem_pthread.dylib+0x350d]  _pthread_body+0x0
C  [libsystem_pthread.dylib+0x2bf9]  thread_start+0xd
C  0x0000000000000000

Java frames: (J=compiled Java code, j=interpreted, Vv=VM code)
J 793  sun.java2d.opengl.OGLRenderQueue.flushBuffer(JI)V (0 bytes) @ 0x000000011b101ff8 [0x000000011b101fc0+0x38]
J 1626 C2 sun.java2d.opengl.OGLRenderQueue.flushBuffer()V (41 bytes) @ 0x000000011b0b8190 [0x000000011b0b8140+0x50]
J 1572% C1 sun.java2d.opengl.OGLRenderQueue$QueueFlusher.run()V (234 bytes) @ 0x000000011b46cf84 [0x000000011b46c5c0+0x9c4]
v  ~StubRoutines::call_stub

---------------  P R O C E S S  ---------------

Java Threads: ( => current thread )
  0x00007fe1d91d9000 JavaThread "DestroyJavaVM" [_thread_blocked, id=9987, stack(0x0000700000f05000,0x0000700001005000)]
  0x00007fe1da1d2000 JavaThread "TimerQueue" daemon [_thread_blocked, id=70967, stack(0x000070000295c000,0x0000700002a5c000)]
  0x00007fe1da1f8800 JavaThread "AWT-EventQueue-0" [_thread_blocked, id=51743, stack(0x0000700002859000,0x0000700002959000)]
  0x00007fe1d9114800 JavaThread "Java2D Disposer" daemon [_thread_blocked, id=52799, stack(0x00007000026d3000,0x00007000027d3000)]
=>0x00007fe1d9101800 JavaThread "Java2D Queue Flusher" daemon [_thread_in_native, id=84227, stack(0x00007000025d0000,0x00007000026d0000)]
  0x00007fe1d896f800 JavaThread "AWT-Shutdown" [_thread_blocked, id=37419, stack(0x000070000223e000,0x000070000233e000)]
  0x00007fe1da13f800 JavaThread "AppKit Thread" daemon [_thread_in_native, id=775, stack(0x00007ffee2362000,0x00007ffee2b62000)]
  0x00007fe1d8817000 JavaThread "Service Thread" daemon [_thread_blocked, id=15875, stack(0x0000700002038000,0x0000700002138000)]
  0x00007fe1d9003000 JavaThread "C1 CompilerThread3" daemon [_thread_blocked, id=15619, stack(0x0000700001f35000,0x0000700002035000)]
  0x00007fe1d9002000 JavaThread "C2 CompilerThread2" daemon [_thread_blocked, id=17155, stack(0x0000700001e32000,0x0000700001f32000)]
  0x00007fe1da03f800 JavaThread "C2 CompilerThread1" daemon [_thread_blocked, id=15107, stack(0x0000700001d2f000,0x0000700001e2f000)]
  0x00007fe1da03e000 JavaThread "C2 CompilerThread0" daemon [_thread_blocked, id=14595, stack(0x0000700001c2c000,0x0000700001d2c000)]
  0x00007fe1d881d000 JavaThread "Signal Dispatcher" daemon [_thread_blocked, id=17415, stack(0x0000700001b29000,0x0000700001c29000)]
  0x00007fe1d800f800 JavaThread "Finalizer" daemon [_thread_blocked, id=19203, stack(0x0000700001a26000,0x0000700001b26000)]
  0x00007fe1d9015000 JavaThread "Reference Handler" daemon [_thread_blocked, id=19715, stack(0x0000700001923000,0x0000700001a23000)]

Other Threads:
  0x00007fe1d8831000 VMThread [stack: 0x0000700001820000,0x0000700001920000] [id=20227]
  0x00007fe1da042800 WatcherThread [stack: 0x000070000213b000,0x000070000223b000] [id=16387]

VM state:not at safepoint (normal execution)

VM Mutex/Monitor currently owned by a thread: None

Heap:
 PSYoungGen      total 35328K, used 3203K [0x0000000795580000, 0x0000000797b80000, 0x00000007c0000000)
  eden space 32768K, 3% used [0x0000000795580000,0x0000000795678eb8,0x0000000797580000)
  from space 2560K, 86% used [0x0000000797600000,0x0000000797828000,0x0000000797880000)
  to   space 2560K, 0% used [0x0000000797900000,0x0000000797900000,0x0000000797b80000)
 ParOldGen       total 87552K, used 4542K [0x0000000740000000, 0x0000000745580000, 0x0000000795580000)
  object space 87552K, 5% used [0x0000000740000000,0x000000074046f990,0x0000000745580000)
 Metaspace       used 10207K, capacity 10536K, committed 10880K, reserved 1058816K
  class space    used 1180K, capacity 1298K, committed 1408K, reserved 1048576K

Card table byte_map: [0x000000010f56e000,0x000000010f96f000] byte_map_base: 0x000000010bb6e000

Marking Bits: (ParMarkBitMap*) 0x000000010eaf76e0
 Begin Bits: [0x000000010fc1a000, 0x0000000111c1a000)
 End Bits:   [0x0000000111c1a000, 0x0000000113c1a000)

Polling page: 0x000000010d123000

CodeCache: size=245760Kb used=6272Kb max_used=6311Kb free=239487Kb
 bounds [0x000000011ae50000, 0x000000011b4b0000, 0x0000000129e50000]
 total_blobs=1993 nmethods=1493 adapters=414
 compilation: enabled

Compilation events (10 events):
Event: 654.663 Thread 0x00007fe1da03f800 1629   !   4       sun.java2d.SunGraphics2D::drawHiDPIImage (355 bytes)
Event: 654.677 Thread 0x00007fe1da03f800 nmethod 1629 0x000000011b06ed10 code [0x000000011b06efc0, 0x000000011b070070]
Event: 668.426 Thread 0x00007fe1d9002000 1630       4       javax.swing.RepaintManager::collectDirtyComponents (344 bytes)
Event: 668.426 Thread 0x00007fe1da03e000 1631   !   4       sun.java2d.pipe.DrawImage::renderImageCopy (147 bytes)
Event: 668.431 Thread 0x00007fe1da03e000 nmethod 1631 0x000000011b02a590 code [0x000000011b02a760, 0x000000011b02ac80]
Event: 668.446 Thread 0x00007fe1d9002000 nmethod 1630 0x000000011b480710 code [0x000000011b4809a0, 0x000000011b481e40]
Event: 671.551 Thread 0x00007fe1da03f800 1632   !   4       javax.swing.RepaintManager::addDirtyRegion0 (205 bytes)
Event: 671.589 Thread 0x00007fe1da03f800 nmethod 1632 0x000000011b05e8d0 code [0x000000011b05eca0, 0x000000011b061278]
Event: 717.761 Thread 0x00007fe1da03e000 1633   !   4       javax.swing.TimerQueue::addTimer (82 bytes)
Event: 717.780 Thread 0x00007fe1da03e000 nmethod 1633 0x000000011b4741d0 code [0x000000011b474420, 0x000000011b4750f0]

GC Heap History (10 events):
Event: 104.061 GC heap before
{Heap before GC invocations=1 (full 0):
 PSYoungGen      total 38400K, used 33280K [0x0000000795580000, 0x0000000798000000, 0x00000007c0000000)
  eden space 33280K, 100% used [0x0000000795580000,0x0000000797600000,0x0000000797600000)
  from space 5120K, 0% used [0x0000000797b00000,0x0000000797b00000,0x0000000798000000)
  to   space 5120K, 0% used [0x0000000797600000,0x0000000797600000,0x0000000797b00000)
 ParOldGen       total 87552K, used 0K [0x0000000740000000, 0x0000000745580000, 0x0000000795580000)
  object space 87552K, 0% used [0x0000000740000000,0x0000000740000000,0x0000000745580000)
 Metaspace       used 10061K, capacity 10376K, committed 10496K, reserved 1058816K
  class space    used 1164K, capacity 1266K, committed 1280K, reserved 1048576K
Event: 104.065 GC heap after
Heap after GC invocations=1 (full 0):
 PSYoungGen      total 38400K, used 2272K [0x0000000795580000, 0x0000000798000000, 0x00000007c0000000)
  eden space 33280K, 0% used [0x0000000795580000,0x0000000795580000,0x0000000797600000)
  from space 5120K, 44% used [0x0000000797600000,0x0000000797838000,0x0000000797b00000)
  to   space 5120K, 0% used [0x0000000797b00000,0x0000000797b00000,0x0000000798000000)
 ParOldGen       total 87552K, used 16K [0x0000000740000000, 0x0000000745580000, 0x0000000795580000)
  object space 87552K, 0% used [0x0000000740000000,0x0000000740004000,0x0000000745580000)
 Metaspace       used 10061K, capacity 10376K, committed 10496K, reserved 1058816K
  class space    used 1164K, capacity 1266K, committed 1280K, reserved 1048576K
}
Event: 262.929 GC heap before
{Heap before GC invocations=2 (full 0):
 PSYoungGen      total 38400K, used 35552K [0x0000000795580000, 0x0000000798000000, 0x00000007c0000000)
  eden space 33280K, 100% used [0x0000000795580000,0x0000000797600000,0x0000000797600000)
  from space 5120K, 44% used [0x0000000797600000,0x0000000797838000,0x0000000797b00000)
  to   space 5120K, 0% used [0x0000000797b00000,0x0000000797b00000,0x0000000798000000)
 ParOldGen       total 87552K, used 16K [0x0000000740000000, 0x0000000745580000, 0x0000000795580000)
  object space 87552K, 0% used [0x0000000740000000,0x0000000740004000,0x0000000745580000)
 Metaspace       used 10063K, capacity 10376K, committed 10496K, reserved 1058816K
  class space    used 1164K, capacity 1266K, committed 1280K, reserved 1048576K
Event: 262.932 GC heap after
Heap after GC invocations=2 (full 0):
 PSYoungGen      total 38400K, used 2240K [0x0000000795580000, 0x0000000798000000, 0x00000007c0000000)
  eden space 33280K, 0% used [0x0000000795580000,0x0000000795580000,0x0000000797600000)
  from space 5120K, 43% used [0x0000000797b00000,0x0000000797d30020,0x0000000798000000)
  to   space 5120K, 0% used [0x0000000797600000,0x0000000797600000,0x0000000797b00000)
 ParOldGen       total 87552K, used 24K [0x0000000740000000, 0x0000000745580000, 0x0000000795580000)
  object space 87552K, 0% used [0x0000000740000000,0x0000000740006000,0x0000000745580000)
 Metaspace       used 10063K, capacity 10376K, committed 10496K, reserved 1058816K
  class space    used 1164K, capacity 1266K, committed 1280K, reserved 1048576K
}
Event: 418.085 GC heap before
{Heap before GC invocations=3 (full 0):
 PSYoungGen      total 38400K, used 35520K [0x0000000795580000, 0x0000000798000000, 0x00000007c0000000)
  eden space 33280K, 100% used [0x0000000795580000,0x0000000797600000,0x0000000797600000)
  from space 5120K, 43% used [0x0000000797b00000,0x0000000797d30020,0x0000000798000000)
  to   space 5120K, 0% used [0x0000000797600000,0x0000000797600000,0x0000000797b00000)
 ParOldGen       total 87552K, used 24K [0x0000000740000000, 0x0000000745580000, 0x0000000795580000)
  object space 87552K, 0% used [0x0000000740000000,0x0000000740006000,0x0000000745580000)
 Metaspace       used 10063K, capacity 10376K, committed 10496K, reserved 1058816K
  class space    used 1164K, capacity 1266K, committed 1280K, reserved 1048576K
Event: 418.088 GC heap after
Heap after GC invocations=3 (full 0):
 PSYoungGen      total 38400K, used 2112K [0x0000000795580000, 0x0000000798000000, 0x00000007c0000000)
  eden space 33280K, 0% used [0x0000000795580000,0x0000000795580000,0x0000000797600000)
  from space 5120K, 41% used [0x0000000797600000,0x0000000797810020,0x0000000797b00000)
  to   space 5120K, 0% used [0x0000000797b00000,0x0000000797b00000,0x0000000798000000)
 ParOldGen       total 87552K, used 32K [0x0000000740000000, 0x0000000745580000, 0x0000000795580000)
  object space 87552K, 0% used [0x0000000740000000,0x0000000740008000,0x0000000745580000)
 Metaspace       used 10063K, capacity 10376K, committed 10496K, reserved 1058816K
  class space    used 1164K, capacity 1266K, committed 1280K, reserved 1048576K
}
Event: 583.560 GC heap before
{Heap before GC invocations=4 (full 0):
 PSYoungGen      total 38400K, used 33661K [0x0000000795580000, 0x0000000798000000, 0x00000007c0000000)
  eden space 33280K, 94% used [0x0000000795580000,0x000000079744f5c0,0x0000000797600000)
  from space 5120K, 41% used [0x0000000797600000,0x0000000797810020,0x0000000797b00000)
  to   space 5120K, 0% used [0x0000000797b00000,0x0000000797b00000,0x0000000798000000)
 ParOldGen       total 87552K, used 32K [0x0000000740000000, 0x0000000745580000, 0x0000000795580000)
  object space 87552K, 0% used [0x0000000740000000,0x0000000740008000,0x0000000745580000)
 Metaspace       used 10116K, capacity 10440K, committed 10496K, reserved 1058816K
  class space    used 1169K, capacity 1266K, committed 1280K, reserved 1048576K
Event: 583.586 GC heap after
Heap after GC invocations=4 (full 0):
 PSYoungGen      total 38400K, used 2208K [0x0000000795580000, 0x0000000798000000, 0x00000007c0000000)
  eden space 33280K, 0% used [0x0000000795580000,0x0000000795580000,0x0000000797600000)
  from space 5120K, 43% used [0x0000000797b00000,0x0000000797d28020,0x0000000798000000)
  to   space 5120K, 0% used [0x0000000797600000,0x0000000797600000,0x0000000797b00000)
 ParOldGen       total 87552K, used 4534K [0x0000000740000000, 0x0000000745580000, 0x0000000795580000)
  object space 87552K, 5% used [0x0000000740000000,0x000000074046d990,0x0000000745580000)
 Metaspace       used 10116K, capacity 10440K, committed 10496K, reserved 1058816K
  class space    used 1169K, capacity 1266K, committed 1280K, reserved 1048576K
}
Event: 720.575 GC heap before
{Heap before GC invocations=5 (full 0):
 PSYoungGen      total 38400K, used 35488K [0x0000000795580000, 0x0000000798000000, 0x00000007c0000000)
  eden space 33280K, 100% used [0x0000000795580000,0x0000000797600000,0x0000000797600000)
  from space 5120K, 43% used [0x0000000797b00000,0x0000000797d28020,0x0000000798000000)
  to   space 5120K, 0% used [0x0000000797600000,0x0000000797600000,0x0000000797b00000)
 ParOldGen       total 87552K, used 4534K [0x0000000740000000, 0x0000000745580000, 0x0000000795580000)
  object space 87552K, 5% used [0x0000000740000000,0x000000074046d990,0x0000000745580000)
 Metaspace       used 10207K, capacity 10536K, committed 10880K, reserved 1058816K
  class space    used 1180K, capacity 1298K, committed 1408K, reserved 1048576K
Event: 720.586 GC heap after
Heap after GC invocations=5 (full 0):
 PSYoungGen      total 35328K, used 2208K [0x0000000795580000, 0x0000000797b80000, 0x00000007c0000000)
  eden space 32768K, 0% used [0x0000000795580000,0x0000000795580000,0x0000000797580000)
  from space 2560K, 86% used [0x0000000797600000,0x0000000797828000,0x0000000797880000)
  to   space 2560K, 0% used [0x0000000797900000,0x0000000797900000,0x0000000797b80000)
 ParOldGen       total 87552K, used 4542K [0x0000000740000000, 0x0000000745580000, 0x0000000795580000)
  object space 87552K, 5% used [0x0000000740000000,0x000000074046f990,0x0000000745580000)
 Metaspace       used 10207K, capacity 10536K, committed 10880K, reserved 1058816K
  class space    used 1180K, capacity 1298K, committed 1408K, reserved 1048576K
}

Deoptimization events (10 events):
Event: 583.718 Thread 0x00007fe1da13f800 Uncommon trap: reason=class_check action=maybe_recompile pc=0x000000011b3b4010 method=sun.java2d.opengl.OGLBlitLoops.IsoBlit(Lsun/java2d/SurfaceData;Lsun/java2d/SurfaceData;Ljava/awt/image/BufferedImage;Ljava/awt/image/BufferedImageOp;Ljava/awt/Composite;
Event: 583.734 Thread 0x00007fe1da1f8800 Uncommon trap: reason=unstable_if action=reinterpret pc=0x000000011b398190 method=sun.java2d.SunGraphics2D.validatePipe()V @ 7
Event: 583.745 Thread 0x00007fe1da1f8800 Uncommon trap: reason=unstable_if action=reinterpret pc=0x000000011b410678 method=javax.swing.RepaintManager$ProcessingRunnable.markPending()Z @ 4
Event: 583.748 Thread 0x00007fe1da1f8800 Uncommon trap: reason=unstable_if action=reinterpret pc=0x000000011b3bf744 method=javax.swing.RepaintManager.collectDirtyComponents(Ljava/util/Map;Ljava/awt/Component;Ljava/util/List;)V @ 219
Event: 583.751 Thread 0x00007fe1da1f8800 Uncommon trap: reason=speculate_class_check action=maybe_recompile pc=0x000000011b46a150 method=javax.swing.JComponent.paintChildren(Ljava/awt/Graphics;)V @ 85
Event: 583.752 Thread 0x00007fe1da1f8800 Uncommon trap: reason=speculate_class_check action=maybe_recompile pc=0x000000011b46a150 method=javax.swing.JComponent.paintChildren(Ljava/awt/Graphics;)V @ 85
Event: 583.752 Thread 0x00007fe1da1f8800 Uncommon trap: reason=speculate_class_check action=maybe_recompile pc=0x000000011b46a150 method=javax.swing.JComponent.paintChildren(Ljava/awt/Graphics;)V @ 85
Event: 583.752 Thread 0x00007fe1da1f8800 Uncommon trap: reason=unstable_if action=reinterpret pc=0x000000011b39ac08 method=sun.awt.image.SurfaceManager.getCacheData(Ljava/lang/Object;)Ljava/lang/Object; @ 4
Event: 583.760 Thread 0x00007fe1da1f8800 Uncommon trap: reason=speculate_class_check action=maybe_recompile pc=0x000000011b46a150 method=javax.swing.JComponent.paintChildren(Ljava/awt/Graphics;)V @ 85
Event: 583.770 Thread 0x00007fe1da1f8800 Uncommon trap: reason=null_check action=make_not_entrant pc=0x000000011b3d1ce0 method=javax.swing.RepaintManager.getVolatileOffscreenBuffer(Ljava/awt/Component;II)Ljava/awt/Image; @ 172

Classes redefined (0 events):
No events

Internal exceptions (10 events):
Event: 0.160 Thread 0x00007fe1da003000 Exception <a 'java/lang/NoSuchFieldError': method resolution failed> (0x00000007957a7d60) thrown at [/Users/java_re/workspace/8-2-build-macosx-x86_64/jdk8u171/10807/hotspot/src/share/vm/prims/methodHandles.cpp, line 1167]
Event: 0.161 Thread 0x00007fe1da003000 Exception <a 'java/lang/NoSuchFieldError': method resolution failed> (0x00000007957b5530) thrown at [/Users/java_re/workspace/8-2-build-macosx-x86_64/jdk8u171/10807/hotspot/src/share/vm/prims/methodHandles.cpp, line 1167]
Event: 0.353 Thread 0x00007fe1da003000 Exception <a 'java/io/FileNotFoundException'> (0x000000079582ffa0) thrown at [/Users/java_re/workspace/8-2-build-macosx-x86_64/jdk8u171/10807/hotspot/src/share/vm/prims/jni.cpp, line 709]
Event: 0.353 Thread 0x00007fe1da003000 Exception <a 'java/io/FileNotFoundException'> (0x0000000795830b10) thrown at [/Users/java_re/workspace/8-2-build-macosx-x86_64/jdk8u171/10807/hotspot/src/share/vm/prims/jni.cpp, line 709]
Event: 104.065 Thread 0x00007fe1da1f8800 Implicit null exception at 0x000000011b286e3f to 0x000000011b2880e5
Event: 104.066 Thread 0x00007fe1d800f800 Exception <a 'java/lang/NullPointerException'> (0x00000007956b7378) thrown at [/Users/java_re/workspace/8-2-build-macosx-x86_64/jdk8u171/10807/hotspot/src/share/vm/interpreter/linkResolver.cpp, line 1185]
Event: 577.167 Thread 0x00007fe1da1d2000 Implicit null exception at 0x000000011b40a0d7 to 0x000000011b40aa55
Event: 583.512 Thread 0x00007fe1da1f8800 Implicit null exception at 0x000000011b42b1c0 to 0x000000011b42c529
Event: 583.649 Thread 0x00007fe1da13f800 Implicit null exception at 0x000000011b3c10cc to 0x000000011b3c1261
Event: 583.770 Thread 0x00007fe1da1f8800 Implicit null exception at 0x000000011b3cfb78 to 0x000000011b3d1c79

Events (10 events):
Event: 587.645 Thread 0x00007fe1da03e000 flushing nmethod 0x000000011b0e1a10
Event: 587.645 Thread 0x00007fe1da03e000 flushing nmethod 0x000000011b0e4790
Event: 587.725 Thread 0x00007fe1d9002000 flushing nmethod 0x000000011b13da90
Event: 587.725 Thread 0x00007fe1da03f800 flushing nmethod 0x000000011b149810
Event: 587.725 Thread 0x00007fe1da03f800 flushing nmethod 0x000000011b160e50
Event: 598.217 Thread 0x00007fe1da03f800 flushing nmethod 0x000000011b1bed50
Event: 598.249 Thread 0x00007fe1da03e000 flushing nmethod 0x000000011b269690
Event: 598.249 Thread 0x00007fe1da03e000 flushing nmethod 0x000000011b285690
Event: 720.575 Executing VM operation: ParallelGCFailedAllocation
Event: 720.586 Executing VM operation: ParallelGCFailedAllocation done


Dynamic libraries:
0x0000000022ea8000 	/System/Library/Frameworks/Cocoa.framework/Versions/A/Cocoa
0x0000000022ea8000 	/System/Library/Frameworks/Security.framework/Versions/A/Security
0x0000000022ea8000 	/System/Library/Frameworks/ApplicationServices.framework/Versions/A/ApplicationServices
0x0000000022ea8000 	/usr/lib/libz.1.dylib
0x0000000022ea8000 	/usr/lib/libSystem.B.dylib
0x0000000022ea8000 	/usr/lib/libobjc.A.dylib
0x0000000022ea8000 	/System/Library/Frameworks/CoreFoundation.framework/Versions/A/CoreFoundation
0x0000000022ea8000 	/System/Library/Frameworks/Foundation.framework/Versions/C/Foundation
0x0000000022ea8000 	/System/Library/Frameworks/AppKit.framework/Versions/C/AppKit
0x0000000022ea8000 	/System/Library/Frameworks/CoreData.framework/Versions/A/CoreData
0x0000000022ea8000 	/System/Library/PrivateFrameworks/RemoteViewServices.framework/Versions/A/RemoteViewServices
0x0000000022ea8000 	/System/Library/PrivateFrameworks/UIFoundation.framework/Versions/A/UIFoundation
0x0000000022ea8000 	/System/Library/PrivateFrameworks/DFRFoundation.framework/Versions/A/DFRFoundation
0x0000000022ea8000 	/System/Library/Frameworks/Metal.framework/Versions/A/Metal
0x0000000022ea8000 	/System/Library/PrivateFrameworks/DesktopServicesPriv.framework/Versions/A/DesktopServicesPriv
0x0000000022ea8000 	/usr/lib/libenergytrace.dylib
0x0000000022ea8000 	/System/Library/PrivateFrameworks/SkyLight.framework/Versions/A/SkyLight
0x0000000022ea8000 	/System/Library/Frameworks/CoreGraphics.framework/Versions/A/CoreGraphics
0x0000000022ea8000 	/usr/lib/libScreenReader.dylib
0x0000000022ea8000 	/System/Library/Frameworks/Accelerate.framework/Versions/A/Accelerate
0x0000000022ea8000 	/System/Library/Frameworks/IOSurface.framework/Versions/A/IOSurface
0x0000000022ea8000 	/System/Library/Frameworks/AudioToolbox.framework/Versions/A/AudioToolbox
0x0000000022ea8000 	/System/Library/Frameworks/AudioUnit.framework/Versions/A/AudioUnit
0x0000000022ea8000 	/System/Library/PrivateFrameworks/DataDetectorsCore.framework/Versions/A/DataDetectorsCore
0x0000000022ea8000 	/System/Library/Frameworks/Carbon.framework/Versions/A/Frameworks/HIToolbox.framework/Versions/A/HIToolbox
0x0000000022ea8000 	/usr/lib/libicucore.A.dylib
0x0000000022ea8000 	/System/Library/Frameworks/QuartzCore.framework/Versions/A/QuartzCore
0x0000000022ea8000 	/System/Library/PrivateFrameworks/SignpostNotification.framework/Versions/A/SignpostNotification
0x0000000022ea8000 	/System/Library/Frameworks/Carbon.framework/Versions/A/Frameworks/SpeechRecognition.framework/Versions/A/SpeechRecognition
0x0000000022ea8000 	/usr/lib/libauto.dylib
0x0000000022ea8000 	/usr/lib/libxml2.2.dylib
0x0000000022ea8000 	/System/Library/PrivateFrameworks/CoreUI.framework/Versions/A/CoreUI
0x0000000022ea8000 	/System/Library/Frameworks/CoreAudio.framework/Versions/A/CoreAudio
0x0000000022ea8000 	/System/Library/Frameworks/DiskArbitration.framework/Versions/A/DiskArbitration
0x0000000022ea8000 	/usr/lib/liblangid.dylib
0x0000000022ea8000 	/System/Library/PrivateFrameworks/MultitouchSupport.framework/Versions/A/MultitouchSupport
0x0000000022ea8000 	/System/Library/Frameworks/IOKit.framework/Versions/A/IOKit
0x0000000022ea8000 	/usr/lib/libDiagnosticMessagesClient.dylib
0x0000000022ea8000 	/System/Library/Frameworks/CoreServices.framework/Versions/A/CoreServices
0x0000000022ea8000 	/System/Library/PrivateFrameworks/PerformanceAnalysis.framework/Versions/A/PerformanceAnalysis
0x0000000022ea8000 	/System/Library/Frameworks/OpenGL.framework/Versions/A/OpenGL
0x0000000022ea8000 	/System/Library/Frameworks/ColorSync.framework/Versions/A/ColorSync
0x0000000022ea8000 	/System/Library/Frameworks/CoreImage.framework/Versions/A/CoreImage
0x0000000022ea8000 	/System/Library/Frameworks/CoreText.framework/Versions/A/CoreText
0x0000000022ea8000 	/System/Library/Frameworks/ImageIO.framework/Versions/A/ImageIO
0x0000000022ea8000 	/System/Library/PrivateFrameworks/Backup.framework/Versions/A/Backup
0x0000000022ea8000 	/usr/lib/libarchive.2.dylib
0x0000000022ea8000 	/System/Library/Frameworks/CFNetwork.framework/Versions/A/CFNetwork
0x0000000022ea8000 	/System/Library/Frameworks/SystemConfiguration.framework/Versions/A/SystemConfiguration
0x0000000022ea8000 	/usr/lib/libCRFSuite.dylib
0x0000000022ea8000 	/usr/lib/libc++.1.dylib
0x0000000022ea8000 	/usr/lib/libc++abi.dylib
0x0000000022ea8000 	/usr/lib/system/libcache.dylib
0x0000000022ea8000 	/usr/lib/system/libcommonCrypto.dylib
0x0000000022ea8000 	/usr/lib/system/libcompiler_rt.dylib
0x0000000022ea8000 	/usr/lib/system/libcopyfile.dylib
0x0000000022ea8000 	/usr/lib/system/libcorecrypto.dylib
0x0000000022ea8000 	/usr/lib/system/libdispatch.dylib
0x0000000022ea8000 	/usr/lib/system/libdyld.dylib
0x0000000022ea8000 	/usr/lib/system/libkeymgr.dylib
0x0000000022ea8000 	/usr/lib/system/liblaunch.dylib
0x0000000022ea8000 	/usr/lib/system/libmacho.dylib
0x0000000022ea8000 	/usr/lib/system/libquarantine.dylib
0x0000000022ea8000 	/usr/lib/system/libremovefile.dylib
0x0000000022ea8000 	/usr/lib/system/libsystem_asl.dylib
0x0000000022ea8000 	/usr/lib/system/libsystem_blocks.dylib
0x0000000022ea8000 	/usr/lib/system/libsystem_c.dylib
0x0000000022ea8000 	/usr/lib/system/libsystem_configuration.dylib
0x0000000022ea8000 	/usr/lib/system/libsystem_coreservices.dylib
0x0000000022ea8000 	/usr/lib/system/libsystem_darwin.dylib
0x0000000022ea8000 	/usr/lib/system/libsystem_dnssd.dylib
0x0000000022ea8000 	/usr/lib/system/libsystem_info.dylib
0x0000000022ea8000 	/usr/lib/system/libsystem_m.dylib
0x0000000022ea8000 	/usr/lib/system/libsystem_malloc.dylib
0x0000000022ea8000 	/usr/lib/system/libsystem_network.dylib
0x0000000022ea8000 	/usr/lib/system/libsystem_networkextension.dylib
0x0000000022ea8000 	/usr/lib/system/libsystem_notify.dylib
0x0000000022ea8000 	/usr/lib/system/libsystem_sandbox.dylib
0x0000000022ea8000 	/usr/lib/system/libsystem_secinit.dylib
0x0000000022ea8000 	/usr/lib/system/libsystem_kernel.dylib
0x0000000022ea8000 	/usr/lib/system/libsystem_platform.dylib
0x0000000022ea8000 	/usr/lib/system/libsystem_pthread.dylib
0x0000000022ea8000 	/usr/lib/system/libsystem_symptoms.dylib
0x0000000022ea8000 	/usr/lib/system/libsystem_trace.dylib
0x0000000022ea8000 	/usr/lib/system/libunwind.dylib
0x0000000022ea8000 	/usr/lib/system/libxpc.dylib
0x0000000022ea8000 	/usr/lib/closure/libclosured.dylib
0x0000000022ea8000 	/usr/lib/libbsm.0.dylib
0x0000000022ea8000 	/usr/lib/system/libkxld.dylib
0x0000000022ea8000 	/usr/lib/libOpenScriptingUtil.dylib
0x0000000022ea8000 	/usr/lib/libcoretls.dylib
0x0000000022ea8000 	/usr/lib/libcoretls_cfhelpers.dylib
0x0000000022ea8000 	/usr/lib/libpam.2.dylib
0x0000000022ea8000 	/usr/lib/libsqlite3.dylib
0x0000000022ea8000 	/usr/lib/libxar.1.dylib
0x0000000022ea8000 	/usr/lib/libbz2.1.0.dylib
0x0000000022ea8000 	/usr/lib/liblzma.5.dylib
0x0000000022ea8000 	/usr/lib/libnetwork.dylib
0x0000000022ea8000 	/usr/lib/libapple_nghttp2.dylib
0x0000000022ea8000 	/usr/lib/libpcap.A.dylib
0x0000000022ea8000 	/usr/lib/libboringssl.dylib
0x0000000022ea8000 	/usr/lib/libusrtcp.dylib
0x0000000022ea8000 	/usr/lib/libapple_crypto.dylib
0x0000000022ea8000 	/System/Library/Frameworks/CoreServices.framework/Versions/A/Frameworks/FSEvents.framework/Versions/A/FSEvents
0x0000000022ea8000 	/System/Library/Frameworks/CoreServices.framework/Versions/A/Frameworks/CarbonCore.framework/Versions/A/CarbonCore
0x0000000022ea8000 	/System/Library/Frameworks/CoreServices.framework/Versions/A/Frameworks/Metadata.framework/Versions/A/Metadata
0x0000000022ea8000 	/System/Library/Frameworks/CoreServices.framework/Versions/A/Frameworks/OSServices.framework/Versions/A/OSServices
0x0000000022ea8000 	/System/Library/Frameworks/CoreServices.framework/Versions/A/Frameworks/SearchKit.framework/Versions/A/SearchKit
0x0000000022ea8000 	/System/Library/Frameworks/CoreServices.framework/Versions/A/Frameworks/AE.framework/Versions/A/AE
0x0000000022ea8000 	/System/Library/Frameworks/CoreServices.framework/Versions/A/Frameworks/LaunchServices.framework/Versions/A/LaunchServices
0x0000000022ea8000 	/System/Library/Frameworks/CoreServices.framework/Versions/A/Frameworks/DictionaryServices.framework/Versions/A/DictionaryServices
0x0000000022ea8000 	/System/Library/Frameworks/CoreServices.framework/Versions/A/Frameworks/SharedFileList.framework/Versions/A/SharedFileList
0x0000000022ea8000 	/System/Library/Frameworks/NetFS.framework/Versions/A/NetFS
0x0000000022ea8000 	/System/Library/PrivateFrameworks/NetAuth.framework/Versions/A/NetAuth
0x0000000022ea8000 	/System/Library/PrivateFrameworks/login.framework/Versions/A/Frameworks/loginsupport.framework/Versions/A/loginsupport
0x0000000022ea8000 	/System/Library/PrivateFrameworks/TCC.framework/Versions/A/TCC
0x0000000022ea8000 	/usr/lib/libmecabra.dylib
0x0000000022ea8000 	/System/Library/Frameworks/ApplicationServices.framework/Versions/A/Frameworks/ATS.framework/Versions/A/ATS
0x0000000022ea8000 	/System/Library/Frameworks/ApplicationServices.framework/Versions/A/Frameworks/ColorSyncLegacy.framework/Versions/A/ColorSyncLegacy
0x0000000022ea8000 	/System/Library/Frameworks/ApplicationServices.framework/Versions/A/Frameworks/HIServices.framework/Versions/A/HIServices
0x0000000022ea8000 	/System/Library/Frameworks/ApplicationServices.framework/Versions/A/Frameworks/LangAnalysis.framework/Versions/A/LangAnalysis
0x0000000022ea8000 	/System/Library/Frameworks/ApplicationServices.framework/Versions/A/Frameworks/PrintCore.framework/Versions/A/PrintCore
0x0000000022ea8000 	/System/Library/Frameworks/ApplicationServices.framework/Versions/A/Frameworks/QD.framework/Versions/A/QD
0x0000000022ea8000 	/System/Library/Frameworks/ApplicationServices.framework/Versions/A/Frameworks/SpeechSynthesis.framework/Versions/A/SpeechSynthesis
0x0000000022ea8000 	/System/Library/Frameworks/CoreDisplay.framework/Versions/A/CoreDisplay
0x0000000022ea8000 	/System/Library/Frameworks/Accelerate.framework/Versions/A/Frameworks/vImage.framework/Versions/A/vImage
0x0000000022ea8000 	/System/Library/Frameworks/Accelerate.framework/Versions/A/Frameworks/vecLib.framework/Versions/A/vecLib
0x0000000022ea8000 	/System/Library/Frameworks/Accelerate.framework/Versions/A/Frameworks/vecLib.framework/Versions/A/libvDSP.dylib
0x0000000022ea8000 	/System/Library/Frameworks/Accelerate.framework/Versions/A/Frameworks/vecLib.framework/Versions/A/libBNNS.dylib
0x0000000022ea8000 	/System/Library/Frameworks/Accelerate.framework/Versions/A/Frameworks/vecLib.framework/Versions/A/libQuadrature.dylib
0x0000000022ea8000 	/System/Library/Frameworks/Accelerate.framework/Versions/A/Frameworks/vecLib.framework/Versions/A/libvMisc.dylib
0x0000000022ea8000 	/System/Library/Frameworks/Accelerate.framework/Versions/A/Frameworks/vecLib.framework/Versions/A/libLAPACK.dylib
0x0000000022ea8000 	/System/Library/Frameworks/Accelerate.framework/Versions/A/Frameworks/vecLib.framework/Versions/A/libBLAS.dylib
0x0000000022ea8000 	/System/Library/Frameworks/Accelerate.framework/Versions/A/Frameworks/vecLib.framework/Versions/A/libLinearAlgebra.dylib
0x0000000022ea8000 	/System/Library/Frameworks/Accelerate.framework/Versions/A/Frameworks/vecLib.framework/Versions/A/libSparse.dylib
0x0000000022ea8000 	/System/Library/Frameworks/Accelerate.framework/Versions/A/Frameworks/vecLib.framework/Versions/A/libSparseBLAS.dylib
0x0000000022ea8000 	/System/Library/PrivateFrameworks/GPUWrangler.framework/Versions/A/GPUWrangler
0x0000000022ea8000 	/System/Library/PrivateFrameworks/IOAccelerator.framework/Versions/A/IOAccelerator
0x0000000022ea8000 	/System/Library/PrivateFrameworks/IOPresentment.framework/Versions/A/IOPresentment
0x0000000022ea8000 	/System/Library/PrivateFrameworks/DSExternalDisplay.framework/Versions/A/DSExternalDisplay
0x0000000022ea8000 	/System/Library/Frameworks/OpenGL.framework/Versions/A/Libraries/libCoreFSCache.dylib
0x0000000022ea8000 	/System/Library/Frameworks/CoreVideo.framework/Versions/A/CoreVideo
0x0000000022ea8000 	/System/Library/PrivateFrameworks/GraphVisualizer.framework/Versions/A/GraphVisualizer
0x0000000022ea8000 	/System/Library/Frameworks/MetalPerformanceShaders.framework/Versions/A/MetalPerformanceShaders
0x0000000022ea8000 	/usr/lib/libFosl_dynamic.dylib
0x0000000022ea8000 	/System/Library/PrivateFrameworks/FaceCore.framework/Versions/A/FaceCore
0x0000000022ea8000 	/System/Library/Frameworks/OpenCL.framework/Versions/A/OpenCL
0x0000000022ea8000 	/usr/lib/libcompression.dylib
0x0000000022ea8000 	/System/Library/Frameworks/ApplicationServices.framework/Versions/A/Frameworks/ATS.framework/Versions/A/Resources/libFontParser.dylib
0x0000000022ea8000 	/System/Library/Frameworks/ApplicationServices.framework/Versions/A/Frameworks/ATS.framework/Versions/A/Resources/libFontRegistry.dylib
0x0000000022ea8000 	/System/Library/Frameworks/ImageIO.framework/Versions/A/Resources/libJPEG.dylib
0x0000000022ea8000 	/System/Library/Frameworks/ImageIO.framework/Versions/A/Resources/libTIFF.dylib
0x0000000022ea8000 	/System/Library/Frameworks/ImageIO.framework/Versions/A/Resources/libPng.dylib
0x0000000022ea8000 	/System/Library/Frameworks/ImageIO.framework/Versions/A/Resources/libGIF.dylib
0x0000000022ea8000 	/System/Library/Frameworks/ImageIO.framework/Versions/A/Resources/libJP2.dylib
0x0000000022ea8000 	/System/Library/Frameworks/ImageIO.framework/Versions/A/Resources/libRadiance.dylib
0x0000000022ea8000 	/System/Library/PrivateFrameworks/AppleJPEG.framework/Versions/A/AppleJPEG
0x0000000022ea8000 	/System/Library/Frameworks/MetalPerformanceShaders.framework/Frameworks/MPSCore.framework/Versions/A/MPSCore
0x0000000022ea8000 	/System/Library/Frameworks/MetalPerformanceShaders.framework/Frameworks/MPSImage.framework/Versions/A/MPSImage
0x0000000022ea8000 	/System/Library/Frameworks/MetalPerformanceShaders.framework/Frameworks/MPSNeuralNetwork.framework/Versions/A/MPSNeuralNetwork
0x0000000022ea8000 	/System/Library/Frameworks/MetalPerformanceShaders.framework/Frameworks/MPSMatrix.framework/Versions/A/MPSMatrix
0x0000000022ea8000 	/System/Library/PrivateFrameworks/MetalTools.framework/Versions/A/MetalTools
0x0000000022ea8000 	/System/Library/Frameworks/OpenGL.framework/Versions/A/Libraries/libGLU.dylib
0x0000000022ea8000 	/System/Library/Frameworks/OpenGL.framework/Versions/A/Libraries/libGFXShared.dylib
0x0000000022ea8000 	/System/Library/Frameworks/OpenGL.framework/Versions/A/Libraries/libGL.dylib
0x0000000022ea8000 	/System/Library/Frameworks/OpenGL.framework/Versions/A/Libraries/libGLImage.dylib
0x0000000022ea8000 	/System/Library/Frameworks/OpenGL.framework/Versions/A/Libraries/libCVMSPluginSupport.dylib
0x0000000022ea8000 	/System/Library/Frameworks/OpenGL.framework/Versions/A/Libraries/libCoreVMClient.dylib
0x0000000022ea8000 	/usr/lib/libcups.2.dylib
0x0000000022ea8000 	/System/Library/Frameworks/Kerberos.framework/Versions/A/Kerberos
0x0000000022ea8000 	/System/Library/Frameworks/GSS.framework/Versions/A/GSS
0x0000000022ea8000 	/usr/lib/libresolv.9.dylib
0x0000000022ea8000 	/usr/lib/libiconv.2.dylib
0x0000000022ea8000 	/System/Library/PrivateFrameworks/Heimdal.framework/Versions/A/Heimdal
0x0000000022ea8000 	/usr/lib/libheimdal-asn1.dylib
0x0000000022ea8000 	/System/Library/Frameworks/OpenDirectory.framework/Versions/A/OpenDirectory
0x0000000022ea8000 	/System/Library/PrivateFrameworks/CommonAuth.framework/Versions/A/CommonAuth
0x0000000022ea8000 	/System/Library/Frameworks/OpenDirectory.framework/Versions/A/Frameworks/CFOpenDirectory.framework/Versions/A/CFOpenDirectory
0x0000000022ea8000 	/System/Library/Frameworks/SecurityFoundation.framework/Versions/A/SecurityFoundation
0x0000000022ea8000 	/System/Library/PrivateFrameworks/APFS.framework/Versions/A/APFS
0x0000000022ea8000 	/usr/lib/libutil.dylib
0x0000000022ea8000 	/System/Library/PrivateFrameworks/AppleSauce.framework/Versions/A/AppleSauce
0x0000000022ea8000 	/System/Library/PrivateFrameworks/LinguisticData.framework/Versions/A/LinguisticData
0x0000000022ea8000 	/usr/lib/libmarisa.dylib
0x0000000022ea8000 	/System/Library/PrivateFrameworks/Lexicon.framework/Versions/A/Lexicon
0x0000000022ea8000 	/usr/lib/libChineseTokenizer.dylib
0x0000000022ea8000 	/usr/lib/libcmph.dylib
0x0000000022ea8000 	/System/Library/PrivateFrameworks/LanguageModeling.framework/Versions/A/LanguageModeling
0x0000000022ea8000 	/System/Library/PrivateFrameworks/CoreEmoji.framework/Versions/A/CoreEmoji
0x0000000022ea8000 	/System/Library/Frameworks/ServiceManagement.framework/Versions/A/ServiceManagement
0x0000000022ea8000 	/System/Library/PrivateFrameworks/BackgroundTaskManagement.framework/Versions/A/BackgroundTaskManagement
0x0000000022ea8000 	/usr/lib/libxslt.1.dylib
0x0000000022ea8000 	/System/Library/Frameworks/Carbon.framework/Versions/A/Frameworks/Ink.framework/Versions/A/Ink
0x0000000022ea8000 	/System/Library/PrivateFrameworks/TextureIO.framework/Versions/A/TextureIO
0x0000000022ea8000 	/usr/lib/libate.dylib
0x0000000022ea8000 	/System/Library/PrivateFrameworks/CrashReporterSupport.framework/Versions/A/CrashReporterSupport
0x0000000022ea8000 	/System/Library/PrivateFrameworks/Sharing.framework/Versions/A/Sharing
0x0000000022ea8000 	/System/Library/PrivateFrameworks/IconServices.framework/Versions/A/IconServices
0x0000000022ea8000 	/System/Library/PrivateFrameworks/Apple80211.framework/Versions/A/Apple80211
0x0000000022ea8000 	/System/Library/PrivateFrameworks/CoreUtils.framework/Versions/A/CoreUtils
0x0000000022ea8000 	/System/Library/Frameworks/CoreWLAN.framework/Versions/A/CoreWLAN
0x0000000022ea8000 	/System/Library/Frameworks/IOBluetooth.framework/Versions/A/IOBluetooth
0x0000000022ea8000 	/System/Library/PrivateFrameworks/ProtocolBuffer.framework/Versions/A/ProtocolBuffer
0x0000000022ea8000 	/System/Library/PrivateFrameworks/CoreWiFi.framework/Versions/A/CoreWiFi
0x0000000022ea8000 	/System/Library/Frameworks/CoreBluetooth.framework/Versions/A/CoreBluetooth
0x0000000022ea8000 	/System/Library/PrivateFrameworks/DebugSymbols.framework/Versions/A/DebugSymbols
0x0000000022ea8000 	/System/Library/PrivateFrameworks/CoreSymbolication.framework/Versions/A/CoreSymbolication
0x0000000022ea8000 	/System/Library/PrivateFrameworks/Symbolication.framework/Versions/A/Symbolication
0x0000000022ea8000 	/System/Library/PrivateFrameworks/AppleFSCompression.framework/Versions/A/AppleFSCompression
0x0000000022ea8000 	/System/Library/PrivateFrameworks/SpeechRecognitionCore.framework/Versions/A/SpeechRecognitionCore
0x000000010e200000 	/Library/Java/JavaVirtualMachines/jdk1.8.0_171.jdk/Contents/Home/jre/lib/server/libjvm.dylib
0x0000000022ea8000 	/usr/lib/libstdc++.6.0.9.dylib
0x000000010d0df000 	/Library/Java/JavaVirtualMachines/jdk1.8.0_171.jdk/Contents/Home/jre/lib/libverify.dylib
0x000000010d0ed000 	/Library/Java/JavaVirtualMachines/jdk1.8.0_171.jdk/Contents/Home/jre/lib/libjava.dylib
0x000000010d16d000 	/Library/Java/JavaVirtualMachines/jdk1.8.0_171.jdk/Contents/Home/jre/lib/libzip.dylib
0x00000001180fd000 	/Library/Java/JavaVirtualMachines/jdk1.8.0_171.jdk/Contents/Home/jre/lib/libawt.dylib
0x00000001181a7000 	/Library/Java/JavaVirtualMachines/jdk1.8.0_171.jdk/Contents/Home/jre/lib/./libmlib_image.dylib
0x0000000022ea8000 	/System/Library/Frameworks/JavaVM.framework/Versions/A/Frameworks/JavaNativeFoundation.framework/Versions/A/JavaNativeFoundation
0x0000000022ea8000 	/System/Library/Frameworks/JavaVM.framework/Versions/A/Frameworks/JavaRuntimeSupport.framework/Versions/A/JavaRuntimeSupport
0x0000000022ea8000 	/System/Library/Frameworks/JavaVM.framework/Versions/A/JavaVM
0x0000000022ea8000 	/System/Library/PrivateFrameworks/JavaLaunching.framework/Versions/A/JavaLaunching
0x0000000022ea8000 	/System/Library/Frameworks/Carbon.framework/Versions/A/Carbon
0x0000000022ea8000 	/System/Library/Frameworks/Carbon.framework/Versions/A/Frameworks/CommonPanels.framework/Versions/A/CommonPanels
0x0000000022ea8000 	/System/Library/Frameworks/Carbon.framework/Versions/A/Frameworks/Help.framework/Versions/A/Help
0x0000000022ea8000 	/System/Library/Frameworks/Carbon.framework/Versions/A/Frameworks/ImageCapture.framework/Versions/A/ImageCapture
0x0000000022ea8000 	/System/Library/Frameworks/Carbon.framework/Versions/A/Frameworks/OpenScripting.framework/Versions/A/OpenScripting
0x0000000022ea8000 	/System/Library/Frameworks/Carbon.framework/Versions/A/Frameworks/Print.framework/Versions/A/Print
0x0000000022ea8000 	/System/Library/Frameworks/Carbon.framework/Versions/A/Frameworks/SecurityHI.framework/Versions/A/SecurityHI
0x0000000118273000 	/Library/Java/JavaVirtualMachines/jdk1.8.0_171.jdk/Contents/Home/jre/lib/libawt_lwawt.dylib
0x000000011832d000 	/Library/Java/JavaVirtualMachines/jdk1.8.0_171.jdk/Contents/Home/jre/lib/./libosxapp.dylib
0x0000000022ea8000 	/System/Library/Frameworks/ExceptionHandling.framework/Versions/A/ExceptionHandling
0x0000000022ea8000 	/System/Library/PrivateFrameworks/CoreServicesInternal.framework/Versions/A/CoreServicesInternal
0x0000000022ea8000 	/System/Library/CoreServices/RawCamera.bundle/Contents/MacOS/RawCamera
0x0000000022ea8000 	/System/Library/PrivateFrameworks/MobileAsset.framework/Versions/A/MobileAsset
0x0000000022ea8000 	/System/Library/PrivateFrameworks/StreamingZip.framework/Versions/A/StreamingZip
0x0000000022ea8000 	/System/Library/Frameworks/MediaToolbox.framework/Versions/A/MediaToolbox
0x0000000022ea8000 	/System/Library/PrivateFrameworks/CoreAVCHD.framework/Versions/A/CoreAVCHD
0x0000000022ea8000 	/System/Library/Frameworks/MediaAccessibility.framework/Versions/A/MediaAccessibility
0x0000000022ea8000 	/System/Library/PrivateFrameworks/Mangrove.framework/Versions/A/Mangrove
0x0000000022ea8000 	/System/Library/Frameworks/CoreMedia.framework/Versions/A/CoreMedia
0x0000000022ea8000 	/System/Library/Frameworks/VideoToolbox.framework/Versions/A/VideoToolbox
0x0000000022ea8000 	/System/Library/PrivateFrameworks/CoreAUC.framework/Versions/A/CoreAUC
0x0000000022ea8000 	/usr/lib/libspindump.dylib
0x0000000022ea8000 	/System/Library/PrivateFrameworks/AppleVA.framework/Versions/A/AppleVA
0x0000000022ea8000 	/System/Library/Frameworks/Accelerate.framework/Versions/A/Frameworks/vImage.framework/Versions/A/Libraries/libCGInterfaces.dylib
0x0000000022ea8000 	/System/Library/Frameworks/ApplicationServices.framework/Versions/A/Frameworks/ATS.framework/Versions/A/Resources/libTrueTypeScaler.dylib
0x0000000022ea8000 	/System/Library/Extensions/AppleIntelHD4000GraphicsMTLDriver.bundle/Contents/MacOS/AppleIntelHD4000GraphicsMTLDriver
0x0000000022ea8000 	/System/Library/Extensions/GeForceMTLDriver.bundle/Contents/MacOS/GeForceMTLDriver
0x0000000022ea8000 	/System/Library/PrivateFrameworks/GPUCompiler.framework/Versions/3802/Libraries/libmetal_timestamp.dylib
0x0000000022ea8000 	/System/Library/PrivateFrameworks/FamilyControls.framework/Versions/A/FamilyControls
0x0000000022ea8000 	/System/Library/PrivateFrameworks/CommerceKit.framework/Versions/A/Frameworks/CommerceCore.framework/Versions/A/CommerceCore
0x0000000022ea8000 	/System/Library/PrivateFrameworks/SystemAdministration.framework/Versions/A/SystemAdministration
0x0000000022ea8000 	/System/Library/PrivateFrameworks/AppContainer.framework/Versions/A/AppContainer
0x0000000022ea8000 	/System/Library/PrivateFrameworks/SecCodeWrapper.framework/Versions/A/SecCodeWrapper
0x0000000022ea8000 	/System/Library/PrivateFrameworks/DiskManagement.framework/Versions/A/DiskManagement
0x0000000022ea8000 	/System/Library/Frameworks/DirectoryService.framework/Versions/A/DirectoryService
0x0000000022ea8000 	/System/Library/PrivateFrameworks/DiskImages.framework/Versions/A/DiskImages
0x0000000022ea8000 	/System/Library/PrivateFrameworks/LoginUIKit.framework/Versions/A/Frameworks/LoginUICore.framework/Versions/A/LoginUICore
0x0000000022ea8000 	/usr/lib/libCoreStorage.dylib
0x0000000022ea8000 	/usr/lib/libcsfde.dylib
0x0000000022ea8000 	/usr/lib/libodfde.dylib
0x0000000022ea8000 	/System/Library/PrivateFrameworks/MediaKit.framework/Versions/A/MediaKit
0x0000000022ea8000 	/System/Library/Frameworks/DiscRecording.framework/Versions/A/DiscRecording
0x0000000022ea8000 	/System/Library/PrivateFrameworks/EFILogin.framework/Versions/A/EFILogin
0x0000000022ea8000 	/System/Library/PrivateFrameworks/ProtectedCloudStorage.framework/Versions/A/ProtectedCloudStorage
0x0000000022ea8000 	/usr/lib/libcurl.4.dylib
0x0000000022ea8000 	/usr/lib/libcrypto.35.dylib
0x0000000022ea8000 	/usr/lib/libssl.35.dylib
0x0000000022ea8000 	/System/Library/Frameworks/LDAP.framework/Versions/A/LDAP
0x0000000022ea8000 	/System/Library/PrivateFrameworks/TrustEvaluationAgent.framework/Versions/A/TrustEvaluationAgent
0x0000000022ea8000 	/usr/lib/libsasl2.2.dylib
0x0000000022ea8000 	/System/Library/PrivateFrameworks/CoreDaemon.framework/Versions/B/CoreDaemon
0x0000000022ea8000 	/System/Library/PrivateFrameworks/AppleSRP.framework/Versions/A/AppleSRP
0x0000000022ea8000 	/System/Library/Frameworks/OpenGL.framework/Versions/A/Resources/GLEngine.bundle/GLEngine
0x0000000022ea8000 	/System/Library/Frameworks/OpenGL.framework/Versions/A/Libraries/libGLProgrammability.dylib
0x0000000129e50000 	/System/Library/Extensions/AppleIntelHD4000GraphicsGLDriver.bundle/Contents/MacOS/AppleIntelHD4000GraphicsGLDriver
0x0000000022ea8000 	/System/Library/PrivateFrameworks/GPUSupport.framework/Versions/A/Libraries/libGPUSupportMercury.dylib
0x0000000022ea8000 	/System/Library/Extensions/GeForceGLDriver.bundle/Contents/MacOS/GeForceGLDriver
0x0000000022ea8000 	/System/Library/Extensions/GeForceGLDriver.bundle/Contents/MacOS/libclh.dylib
0x0000000022ea8000 	/System/Library/Frameworks/OpenGL.framework/Versions/A/Resources/GLRendererFloat.bundle/GLRendererFloat
0x0000000022ea8000 	/System/Library/Frameworks/OpenCL.framework/Versions/A/Libraries/libcldcpuengine.dylib
0x0000000022ea8000 	/System/Library/PrivateFrameworks/ViewBridge.framework/Versions/A/ViewBridge
0x000000012afbd000 	/Library/Java/JavaVirtualMachines/jdk1.8.0_171.jdk/Contents/Home/jre/lib/libfontmanager.dylib
0x000000012b024000 	/Library/Java/JavaVirtualMachines/jdk1.8.0_171.jdk/Contents/Home/jre/lib/libosxui.dylib
0x000000013876a000 	/Library/Java/JavaVirtualMachines/jdk1.8.0_171.jdk/Contents/Home/jre/lib/libnet.dylib
0x00000001387c9000 	/Library/Java/JavaVirtualMachines/jdk1.8.0_171.jdk/Contents/Home/jre/lib/libnio.dylib
0x0000000022ea8000 	/System/Library/PrivateFrameworks/login.framework/Versions/A/login

VM Arguments:
jvm_args: -Dfile.encoding=UTF-8 
java_command: Snake
java_class_path (initial): /Library/Java/JavaVirtualMachines/jdk1.8.0_171.jdk/Contents/Home/jre/lib/resources.jar:/Library/Java/JavaVirtualMachines/jdk1.8.0_171.jdk/Contents/Home/jre/lib/rt.jar:/Library/Java/JavaVirtualMachines/jdk1.8.0_171.jdk/Contents/Home/jre/lib/jsse.jar:/Library/Java/JavaVirtualMachines/jdk1.8.0_171.jdk/Contents/Home/jre/lib/jce.jar:/Library/Java/JavaVirtualMachines/jdk1.8.0_171.jdk/Contents/Home/jre/lib/charsets.jar:/Library/Java/JavaVirtualMachines/jdk1.8.0_171.jdk/Contents/Home/jre/lib/jfr.jar:/Library/Java/JavaVirtualMachines/jdk1.8.0_171.jdk/Contents/Home/jre/lib/ext/sunec.jar:/Library/Java/JavaVirtualMachines/jdk1.8.0_171.jdk/Contents/Home/jre/lib/ext/nashorn.jar:/Library/Java/JavaVirtualMachines/jdk1.8.0_171.jdk/Contents/Home/jre/lib/ext/cldrdata.jar:/Library/Java/JavaVirtualMachines/jdk1.8.0_171.jdk/Contents/Home/jre/lib/ext/jfxrt.jar:/Library/Java/JavaVirtualMachines/jdk1.8.0_171.jdk/Contents/Home/jre/lib/ext/dnsns.jar:/Library/Java/JavaVirtualMachines/jdk1.8.0_171.jdk/Contents/Home/jre/lib/ext/localedata.jar:/Library/Java/JavaVirtualMachines/jdk1.8.0_171.jdk/Contents/Home/jre/lib/ext/sunjce_provider.jar:/Library/Java/JavaVirtualMachines/jdk1.8.0_171.jdk/Contents/Home/jre/lib/ext/sunpkcs11.jar:/Library/Java/JavaVirtualMachines/jdk1.8.0_171.jdk/Contents/Home/jre/lib/ext/jaccess.jar:/Library/Java/JavaVirtualMachines/jdk1.8.0_171.jdk/Contents/Home/jre/lib/ext/zipfs.jar:/System/Library/Java/Extensions/MRJToolkit.jar:/Users/Phillip/git/Level2GameUpate/bin
Launcher Type: SUN_STANDARD

Environment Variables:
PATH=/usr/bin:/bin:/usr/sbin:/sbin
SHELL=/bin/bash

Signal Handlers:
SIGSEGV: [libjvm.dylib+0x5b512d], sa_mask[0]=11111111011111110111111111111111, sa_flags=SA_ONSTACK|SA_RESTART|SA_SIGINFO
SIGBUS: [libjvm.dylib+0x5b512d], sa_mask[0]=11111111011111110111111111111111, sa_flags=SA_RESTART|SA_SIGINFO
SIGFPE: [libjvm.dylib+0x48aa90], sa_mask[0]=11111111011111110111111111111111, sa_flags=SA_RESTART|SA_SIGINFO
SIGPIPE: [libjvm.dylib+0x48aa90], sa_mask[0]=11111111011111110111111111111111, sa_flags=SA_RESTART|SA_SIGINFO
SIGXFSZ: [libjvm.dylib+0x48aa90], sa_mask[0]=11111111011111110111111111111111, sa_flags=SA_RESTART|SA_SIGINFO
SIGILL: [libjvm.dylib+0x48aa90], sa_mask[0]=11111111011111110111111111111111, sa_flags=SA_RESTART|SA_SIGINFO
SIGUSR1: SIG_DFL, sa_mask[0]=00000000000000000000000000000000, sa_flags=none
SIGUSR2: [libjvm.dylib+0x48a5ae], sa_mask[0]=00100000000000000000000000000000, sa_flags=SA_RESTART|SA_SIGINFO
SIGHUP: [libjvm.dylib+0x488b79], sa_mask[0]=11111111011111110111111111111111, sa_flags=SA_RESTART|SA_SIGINFO
SIGINT: [libjvm.dylib+0x488b79], sa_mask[0]=11111111011111110111111111111111, sa_flags=SA_RESTART|SA_SIGINFO
SIGTERM: [libjvm.dylib+0x488b79], sa_mask[0]=11111111011111110111111111111111, sa_flags=SA_RESTART|SA_SIGINFO
SIGQUIT: [libjvm.dylib+0x488b79], sa_mask[0]=11111111011111110111111111111111, sa_flags=SA_RESTART|SA_SIGINFO


---------------  S Y S T E M  ---------------

OS:Bsduname:Darwin 17.5.0 Darwin Kernel Version 17.5.0: Fri Apr 13 19:32:32 PDT 2018; root:xnu-4570.51.2~1/RELEASE_X86_64 x86_64
rlimit: STACK 8192k, CORE 0k, NPROC 709, NOFILE 10240, AS infinity
load average:2.08 2.10 1.90

CPU:total 8 (initial active 8) (4 cores per cpu, 2 threads per core) family 6 model 58 stepping 9, cmov, cx8, fxsr, mmx, sse, sse2, sse3, ssse3, sse4.1, sse4.2, popcnt, avx, aes, clmul, erms, ht, tsc, tscinvbit, tscinv

Memory: 4k page, physical 8388608k(514616k free)

/proc/meminfo:


vm_info: Java HotSpot(TM) 64-Bit Server VM (25.171-b11) for bsd-amd64 JRE (1.8.0_171-b11), built on Mar 28 2018 12:50:57 by "java_re" with gcc 4.2.1 (Based on Apple Inc. build 5658) (LLVM build 2336.11.00)

time: Wed May  1 17:59:40 2019
elapsed time: 720 seconds (0d 0h 12m 0s)

